<?xml version="1.0" encoding="UTF-8"?>
<!-- Generated by org.testng.reporters.JUnitXMLReporter -->
<testsuite ignored="0" hostname="SHARLETRAJAN-PC" failures="0" tests="5" name="Testgtpl" time="48.446" errors="0" timestamp="2022-02-22T17:33:50 IST">
  <testcase classname="Test_GTPLBank.Test_GTPL" name="@BeforeClass driverInstance1" time="47.508">
    <failure type="org.openqa.selenium.WebDriverException" message="Timed out waiting for driver server to start.
Build info: version: &amp;apos;3.141.59&amp;apos;, revision: &amp;apos;e82be7d358&amp;apos;, time: &amp;apos;2018-11-14T08:17:03&amp;apos;
System info: host: &amp;apos;SHARLETRAJAN-PC&amp;apos;, ip: &amp;apos;192.168.0.5&amp;apos;, os.name: &amp;apos;Windows 10&amp;apos;, os.arch: &amp;apos;amd64&amp;apos;, os.version: &amp;apos;10.0&amp;apos;, java.version: &amp;apos;17.0.1&amp;apos;
Driver info: driver.version: ChromeDriver">
      <![CDATA[org.openqa.selenium.WebDriverException: Timed out waiting for driver server to start.
Build info: version: '3.141.59', revision: 'e82be7d358', time: '2018-11-14T08:17:03'
System info: host: 'SHARLETRAJAN-PC', ip: '192.168.0.5', os.name: 'Windows 10', os.arch: 'amd64', os.version: '10.0', java.version: '17.0.1'
Driver info: driver.version: ChromeDriver
at org.openqa.selenium.remote.service.DriverService.waitUntilAvailable(DriverService.java:202)
at org.openqa.selenium.remote.service.DriverService.start(DriverService.java:188)
at org.openqa.selenium.remote.service.DriverCommandExecutor.execute(DriverCommandExecutor.java:79)
at org.openqa.selenium.remote.RemoteWebDriver.execute(RemoteWebDriver.java:552)
at org.openqa.selenium.remote.RemoteWebDriver.startSession(RemoteWebDriver.java:213)
at org.openqa.selenium.remote.RemoteWebDriver.<init>(RemoteWebDriver.java:131)
at org.openqa.selenium.chrome.ChromeDriver.<init>(ChromeDriver.java:181)
at org.openqa.selenium.chrome.ChromeDriver.<init>(ChromeDriver.java:168)
at org.openqa.selenium.chrome.ChromeDriver.<init>(ChromeDriver.java:123)
at Test_GTPLBank.Test_GTPL.driverInstance1(Test_GTPL.java:28)
at java.base/java.util.ArrayList.forEach(ArrayList.java:1511)
Caused by: org.openqa.selenium.net.UrlChecker$TimeoutException: Timed out waiting for [http://localhost:42092/status] to be available after 20113 ms
at org.openqa.selenium.net.UrlChecker.waitUntilAvailable(UrlChecker.java:100)
at org.openqa.selenium.remote.service.DriverService.waitUntilAvailable(DriverService.java:197)
... 35 more
Caused by: java.util.concurrent.TimeoutException
at java.base/java.util.concurrent.FutureTask.get(FutureTask.java:204)
at com.google.common.util.concurrent.SimpleTimeLimiter.callWithTimeout(SimpleTimeLimiter.java:156)
at org.openqa.selenium.net.UrlChecker.waitUntilAvailable(UrlChecker.java:75)
... 36 more
... Removed 25 stack frames]]>
    </failure>
  </testcase> <!-- @BeforeClass driverInstance1 -->
  <testcase classname="Test_GTPLBank.Test_GTPL" name="@AfterClass stop" time="-1.645531430161E9">
    <skipped/>
  </testcase> <!-- @AfterClass stop -->
  <testcase classname="Test_GTPLBank.Test_GTPL" name="UserID" time="0.0">
    <skipped/>
  </testcase> <!-- UserID -->
  <testcase classname="Test_GTPLBank.Test_GTPL" name="password" time="0.0">
    <skipped/>
  </testcase> <!-- password -->
  <testcase classname="Test_GTPLBank.Test_GTPL" name="checkUrl" time="0.0">
    <skipped/>
  </testcase> <!-- checkUrl -->
  <testcase classname="Test_GTPLBank.Test_GTPL" name="homepageGTPL" time="0.0">
    <skipped/>
  </testcase> <!-- homepageGTPL -->
  <testcase classname="Test_GTPLBank.Test_GTPL" name="MiniStatement" time="0.0">
    <skipped/>
  </testcase> <!-- MiniStatement -->
</testsuite> <!-- Testgtpl -->
