<?xml version="1.0" encoding="UTF-8"?>
<!-- Generated by org.testng.reporters.JUnitXMLReporter -->
<testsuite ignored="0" hostname="DESKTOP-KPVRKRG" failures="1" tests="16" name="Test" time="49.053" errors="0" timestamp="2022-02-22T17:28:41 IST">
  <testcase classname="test.GTPLTest" name="user" time="0.132"/>
  <testcase classname="test.GTPLTest" name="passWord" time="1.233"/>
  <testcase classname="test.GTPLTest" name="functionalityNewCustomer" time="0.884"/>
  <testcase classname="test.GTPLTest" name="titleNewCustomerEntryPage" time="0.007"/>
  <testcase classname="test.GTPLTest" name="displayNewCustomerEntryPage" time="0.803"/>
  <testcase classname="test.GTPLTest" name="CustomerNameFormat" time="7.411"/>
  <testcase classname="test.GTPLTest" name="DateOfBirthFormat" time="7.055"/>
  <testcase classname="test.GTPLTest" name="AddressFormat" time="1.996"/>
  <testcase classname="test.GTPLTest" name="CityFormat" time="2.167"/>
  <testcase classname="test.GTPLTest" name="StateFormat" time="2.231"/>
  <testcase classname="test.GTPLTest" name="PINFormat" time="3.553"/>
  <testcase classname="test.GTPLTest" name="TelephoneNumberFormat" time="3.671"/>
  <testcase classname="test.GTPLTest" name="EmailIdFormat" time="9.644"/>
  <testcase classname="test.GTPLTest" name="SubmitButtonFunctionality" time="0.434"/>
  <testcase classname="test.GTPLTest" name="ResetButtonFunctionality" time="0.391"/>
  <testcase classname="test.GTPLTest" name="HomeLinkFunctionality" time="0.461">
    <failure type="java.lang.AssertionError" message="expected [https://demo.guru99.com/V1/html/Managerhomepage.php] but found [https://demo.guru99.com/V1/html/homepage.html]">
      <![CDATA[java.lang.AssertionError: expected [https://demo.guru99.com/V1/html/Managerhomepage.php] but found [https://demo.guru99.com/V1/html/homepage.html]
at objects.GTPLNewCustomerEntryPage.functionalityHomeLink(GTPLNewCustomerEntryPage.java:287)
at test.GTPLTest.HomeLinkFunctionality(GTPLTest.java:125)
at java.base/java.util.ArrayList.forEach(ArrayList.java:1511)
... Removed 33 stack frames]]>
    </failure>
  </testcase> <!-- HomeLinkFunctionality -->
</testsuite> <!-- Test -->
