<?xml version="1.0" encoding="UTF-8"?>
<!-- Generated by org.testng.reporters.JUnitReportReporter -->
<testsuite hostname="DESKTOP-L5GVAI8" failures="0" tests="7" name="DeleteAccountTest_Scenario.GTPL_TestMethod" time="8.836" errors="1" timestamp="2022-02-22T18:05:52 IST" skipped="6">
  <testcase classname="DeleteAccountTest_Scenario.GTPL_TestMethod" name="start" time="8.836">
    <error message="session not created
from disconnected: Unable to receive message from renderer
  (Session info: chrome=98.0.4758.102)
Build info: version: &#039;3.141.59&#039;, revision: &#039;e82be7d358&#039;, time: &#039;2018-11-14T08:17:03&#039;
System info: host: &#039;DESKTOP-L5GVAI8&#039;, ip: &#039;192.168.1.5&#039;, os.name: &#039;Windows 10&#039;, os.arch: &#039;amd64&#039;, os.version: &#039;10.0&#039;, java.version: &#039;17.0.2&#039;
Driver info: driver.version: ChromeDriver
remote stacktrace: Backtrace:
	Ordinal0 [0x00E469A3+2582947]
	Ordinal0 [0x00DDA6D1+2139857]
	Ordinal0 [0x00CD3A98+1063576]
	Ordinal0 [0x00CC57E2+1005538]
	Ordinal0 [0x00CC4727+1001255]
	Ordinal0 [0x00CC49E6+1001958]
	Ordinal0 [0x00CC42C5+1000133]
	Ordinal0 [0x00CCF993+1046931]
	Ordinal0 [0x00CC4275+1000053]
	Ordinal0 [0x00CC51F8+1004024]
	Ordinal0 [0x00CC4727+1001255]
	Ordinal0 [0x00CC49E6+1001958]
	Ordinal0 [0x00CC42C5+1000133]
	Ordinal0 [0x00CCD6D3+1038035]
	Ordinal0 [0x00CC4275+1000053]
	Ordinal0 [0x00CC51F8+1004024]
	Ordinal0 [0x00CC4727+1001255]
	Ordinal0 [0x00CC49E6+1001958]
	Ordinal0 [0x00CC42C5+1000133]
	Ordinal0 [0x00CCB3B9+1029049]
	Ordinal0 [0x00CC4275+1000053]
	Ordinal0 [0x00CC51F8+1004024]
	Ordinal0 [0x00CC4727+1001255]
	Ordinal0 [0x00CC4AF7+1002231]
	Ordinal0 [0x00CC4AA8+1002152]
	Ordinal0 [0x00CCA566+1025382]
	Ordinal0 [0x00CC4275+1000053]
	Ordinal0 [0x00CC51F8+1004024]
	Ordinal0 [0x00CC4727+1001255]
	Ordinal0 [0x00CC49E6+1001958]
	Ordinal0 [0x00CC42C5+1000133]
	Ordinal0 [0x00CBFC8D+982157]
	Ordinal0 [0x00CC4275+1000053]
	Ordinal0 [0x00CC4000+999424]
	Ordinal0 [0x00CC3D49+998729]
	Ordinal0 [0x00CD4DD0+1068496]
	Ordinal0 [0x00D1E03C+1368124]
	Ordinal0 [0x00D1CC2A+1362986]
	Ordinal0 [0x00D18366+1344358]
	Ordinal0 [0x00CF5176+1200502]
	Ordinal0 [0x00CF6066+1204326]
	GetHandleVerifier [0x00FEBE02+1675858]
	GetHandleVerifier [0x010A036C+2414524]
	GetHandleVerifier [0x00EDBB01+560977]
	GetHandleVerifier [0x00EDA8D3+556323]
	Ordinal0 [0x00DE020E+2163214]
	Ordinal0 [0x00DE5078+2183288]
	Ordinal0 [0x00DE51C0+2183616]
	Ordinal0 [0x00DEEE1C+2223644]
	BaseThreadInitThunk [0x76CBFA29+25]
	RtlGetAppContainerNamedObjectPath [0x77A67A9E+286]
	RtlGetAppContainerNamedObjectPath [0x77A67A6E+238]
" type="org.openqa.selenium.SessionNotCreatedException">
      <![CDATA[org.openqa.selenium.SessionNotCreatedException: session not created
from disconnected: Unable to receive message from renderer
  (Session info: chrome=98.0.4758.102)
Build info: version: '3.141.59', revision: 'e82be7d358', time: '2018-11-14T08:17:03'
System info: host: 'DESKTOP-L5GVAI8', ip: '192.168.1.5', os.name: 'Windows 10', os.arch: 'amd64', os.version: '10.0', java.version: '17.0.2'
Driver info: driver.version: ChromeDriver
remote stacktrace: Backtrace:
Ordinal0 [0x00E469A3+2582947]
Ordinal0 [0x00DDA6D1+2139857]
Ordinal0 [0x00CD3A98+1063576]
Ordinal0 [0x00CC57E2+1005538]
Ordinal0 [0x00CC4727+1001255]
Ordinal0 [0x00CC49E6+1001958]
Ordinal0 [0x00CC42C5+1000133]
Ordinal0 [0x00CCF993+1046931]
Ordinal0 [0x00CC4275+1000053]
Ordinal0 [0x00CC51F8+1004024]
Ordinal0 [0x00CC4727+1001255]
Ordinal0 [0x00CC49E6+1001958]
Ordinal0 [0x00CC42C5+1000133]
Ordinal0 [0x00CCD6D3+1038035]
Ordinal0 [0x00CC4275+1000053]
Ordinal0 [0x00CC51F8+1004024]
Ordinal0 [0x00CC4727+1001255]
Ordinal0 [0x00CC49E6+1001958]
Ordinal0 [0x00CC42C5+1000133]
Ordinal0 [0x00CCB3B9+1029049]
Ordinal0 [0x00CC4275+1000053]
Ordinal0 [0x00CC51F8+1004024]
Ordinal0 [0x00CC4727+1001255]
Ordinal0 [0x00CC4AF7+1002231]
Ordinal0 [0x00CC4AA8+1002152]
Ordinal0 [0x00CCA566+1025382]
Ordinal0 [0x00CC4275+1000053]
Ordinal0 [0x00CC51F8+1004024]
Ordinal0 [0x00CC4727+1001255]
Ordinal0 [0x00CC49E6+1001958]
Ordinal0 [0x00CC42C5+1000133]
Ordinal0 [0x00CBFC8D+982157]
Ordinal0 [0x00CC4275+1000053]
Ordinal0 [0x00CC4000+999424]
Ordinal0 [0x00CC3D49+998729]
Ordinal0 [0x00CD4DD0+1068496]
Ordinal0 [0x00D1E03C+1368124]
Ordinal0 [0x00D1CC2A+1362986]
Ordinal0 [0x00D18366+1344358]
Ordinal0 [0x00CF5176+1200502]
Ordinal0 [0x00CF6066+1204326]
GetHandleVerifier [0x00FEBE02+1675858]
GetHandleVerifier [0x010A036C+2414524]
GetHandleVerifier [0x00EDBB01+560977]
GetHandleVerifier [0x00EDA8D3+556323]
Ordinal0 [0x00DE020E+2163214]
Ordinal0 [0x00DE5078+2183288]
Ordinal0 [0x00DE51C0+2183616]
Ordinal0 [0x00DEEE1C+2223644]
BaseThreadInitThunk [0x76CBFA29+25]
RtlGetAppContainerNamedObjectPath [0x77A67A9E+286]
RtlGetAppContainerNamedObjectPath [0x77A67A6E+238]

at java.base/jdk.internal.reflect.NativeConstructorAccessorImpl.newInstance0(Native Method)
at java.base/jdk.internal.reflect.NativeConstructorAccessorImpl.newInstance(NativeConstructorAccessorImpl.java:77)
at java.base/jdk.internal.reflect.DelegatingConstructorAccessorImpl.newInstance(DelegatingConstructorAccessorImpl.java:45)
at java.base/java.lang.reflect.Constructor.newInstanceWithCaller(Constructor.java:499)
at java.base/java.lang.reflect.Constructor.newInstance(Constructor.java:480)
at org.openqa.selenium.remote.W3CHandshakeResponse.lambda$errorHandler$0(W3CHandshakeResponse.java:62)
at org.openqa.selenium.remote.HandshakeResponse.lambda$getResponseFunction$0(HandshakeResponse.java:30)
at org.openqa.selenium.remote.ProtocolHandshake.lambda$createSession$0(ProtocolHandshake.java:126)
at java.base/java.util.stream.ReferencePipeline$3$1.accept(ReferencePipeline.java:197)
at java.base/java.util.Spliterators$ArraySpliterator.tryAdvance(Spliterators.java:1002)
at java.base/java.util.stream.ReferencePipeline.forEachWithCancel(ReferencePipeline.java:129)
at java.base/java.util.stream.AbstractPipeline.copyIntoWithCancel(AbstractPipeline.java:527)
at java.base/java.util.stream.AbstractPipeline.copyInto(AbstractPipeline.java:513)
at java.base/java.util.stream.AbstractPipeline.wrapAndCopyInto(AbstractPipeline.java:499)
at java.base/java.util.stream.FindOps$FindOp.evaluateSequential(FindOps.java:150)
at java.base/java.util.stream.AbstractPipeline.evaluate(AbstractPipeline.java:234)
at java.base/java.util.stream.ReferencePipeline.findFirst(ReferencePipeline.java:647)
at org.openqa.selenium.remote.ProtocolHandshake.createSession(ProtocolHandshake.java:128)
at org.openqa.selenium.remote.ProtocolHandshake.createSession(ProtocolHandshake.java:74)
at org.openqa.selenium.remote.HttpCommandExecutor.execute(HttpCommandExecutor.java:136)
at org.openqa.selenium.remote.service.DriverCommandExecutor.execute(DriverCommandExecutor.java:83)
at org.openqa.selenium.remote.RemoteWebDriver.execute(RemoteWebDriver.java:552)
at org.openqa.selenium.remote.RemoteWebDriver.startSession(RemoteWebDriver.java:213)
at org.openqa.selenium.remote.RemoteWebDriver.<init>(RemoteWebDriver.java:131)
at org.openqa.selenium.chrome.ChromeDriver.<init>(ChromeDriver.java:181)
at org.openqa.selenium.chrome.ChromeDriver.<init>(ChromeDriver.java:168)
at org.openqa.selenium.chrome.ChromeDriver.<init>(ChromeDriver.java:157)
at DeleteAccountTest_Scenario.GTPL_TestMethod.start(GTPL_TestMethod.java:38)
at java.base/jdk.internal.reflect.NativeMethodAccessorImpl.invoke0(Native Method)
at java.base/jdk.internal.reflect.NativeMethodAccessorImpl.invoke(NativeMethodAccessorImpl.java:77)
at java.base/jdk.internal.reflect.DelegatingMethodAccessorImpl.invoke(DelegatingMethodAccessorImpl.java:43)
at java.base/java.lang.reflect.Method.invoke(Method.java:568)
at org.testng.internal.MethodInvocationHelper.invokeMethod(MethodInvocationHelper.java:133)
at org.testng.internal.MethodInvocationHelper.invokeMethodConsideringTimeout(MethodInvocationHelper.java:62)
at org.testng.internal.ConfigInvoker.invokeConfigurationMethod(ConfigInvoker.java:385)
at org.testng.internal.ConfigInvoker.invokeConfigurations(ConfigInvoker.java:321)
at org.testng.internal.TestMethodWorker.invokeBeforeClassMethods(TestMethodWorker.java:176)
at org.testng.internal.TestMethodWorker.run(TestMethodWorker.java:122)
at java.base/java.util.ArrayList.forEach(ArrayList.java:1511)
at org.testng.TestRunner.privateRun(TestRunner.java:794)
at org.testng.TestRunner.run(TestRunner.java:596)
at org.testng.SuiteRunner.runTest(SuiteRunner.java:377)
at org.testng.SuiteRunner.runSequentially(SuiteRunner.java:371)
at org.testng.SuiteRunner.privateRun(SuiteRunner.java:332)
at org.testng.SuiteRunner.run(SuiteRunner.java:276)
at org.testng.SuiteRunnerWorker.runSuite(SuiteRunnerWorker.java:53)
at org.testng.SuiteRunnerWorker.run(SuiteRunnerWorker.java:96)
at org.testng.TestNG.runSuitesSequentially(TestNG.java:1212)
at org.testng.TestNG.runSuitesLocally(TestNG.java:1134)
at org.testng.TestNG.runSuites(TestNG.java:1063)
at org.testng.TestNG.run(TestNG.java:1031)
at org.testng.remote.AbstractRemoteTestNG.run(AbstractRemoteTestNG.java:115)
at org.testng.remote.RemoteTestNG.initAndRun(RemoteTestNG.java:251)
at org.testng.remote.RemoteTestNG.main(RemoteTestNG.java:77)
]]>
    </error>
  </testcase> <!-- start -->
  <system-out/>
  <testcase classname="DeleteAccountTest_Scenario.GTPL_TestMethod" name="user" time="0.000">
    <skipped/>
  </testcase> <!-- user -->
  <system-out/>
  <testcase classname="DeleteAccountTest_Scenario.GTPL_TestMethod" name="passWord" time="0.000">
    <skipped/>
  </testcase> <!-- passWord -->
  <system-out/>
  <testcase classname="DeleteAccountTest_Scenario.GTPL_TestMethod" name="checkTheUrl" time="0.000">
    <skipped/>
  </testcase> <!-- checkTheUrl -->
  <system-out/>
  <testcase classname="DeleteAccountTest_Scenario.GTPL_TestMethod" name="clickDeleteAccount" time="0.000">
    <skipped/>
  </testcase> <!-- clickDeleteAccount -->
  <system-out/>
  <testcase classname="DeleteAccountTest_Scenario.GTPL_TestMethod" name="deletePageDetails" time="0.000">
    <skipped/>
  </testcase> <!-- deletePageDetails -->
  <system-out/>
  <testcase classname="DeleteAccountTest_Scenario.GTPL_TestMethod" name="deletetAccountPage" time="0.000">
    <skipped/>
  </testcase> <!-- deletetAccountPage -->
  <system-out/>
</testsuite> <!-- DeleteAccountTest_Scenario.GTPL_TestMethod -->
