<?xml version="1.0" encoding="UTF-8"?>
<!-- Generated by org.testng.reporters.JUnitReportReporter -->
<testsuite hostname="DESKTOP-KPVRKRG" failures="1" tests="16" name="test.GTPLTest" time="42.073" errors="0" timestamp="2022-02-22T17:28:41 IST" skipped="0">
  <testcase classname="test.GTPLTest" name="user" time="0.132"/>
  <system-out/>
  <testcase classname="test.GTPLTest" name="passWord" time="1.233"/>
  <system-out/>
  <testcase classname="test.GTPLTest" name="functionalityNewCustomer" time="0.884"/>
  <system-out/>
  <testcase classname="test.GTPLTest" name="titleNewCustomerEntryPage" time="0.007"/>
  <system-out/>
  <testcase classname="test.GTPLTest" name="displayNewCustomerEntryPage" time="0.803"/>
  <system-out/>
  <testcase classname="test.GTPLTest" name="CustomerNameFormat" time="7.411"/>
  <system-out/>
  <testcase classname="test.GTPLTest" name="DateOfBirthFormat" time="7.055"/>
  <system-out/>
  <testcase classname="test.GTPLTest" name="AddressFormat" time="1.996"/>
  <system-out/>
  <testcase classname="test.GTPLTest" name="CityFormat" time="2.167"/>
  <system-out/>
  <testcase classname="test.GTPLTest" name="StateFormat" time="2.231"/>
  <system-out/>
  <testcase classname="test.GTPLTest" name="PINFormat" time="3.553"/>
  <system-out/>
  <testcase classname="test.GTPLTest" name="TelephoneNumberFormat" time="3.671"/>
  <system-out/>
  <testcase classname="test.GTPLTest" name="EmailIdFormat" time="9.644"/>
  <system-out/>
  <testcase classname="test.GTPLTest" name="SubmitButtonFunctionality" time="0.434"/>
  <system-out/>
  <testcase classname="test.GTPLTest" name="ResetButtonFunctionality" time="0.391"/>
  <system-out/>
  <testcase classname="test.GTPLTest" name="HomeLinkFunctionality" time="0.461">
    <failure message="expected [https://demo.guru99.com/V1/html/Managerhomepage.php] but found [https://demo.guru99.com/V1/html/homepage.html]" type="java.lang.AssertionError">
      <![CDATA[java.lang.AssertionError: expected [https://demo.guru99.com/V1/html/Managerhomepage.php] but found [https://demo.guru99.com/V1/html/homepage.html]
at org.testng.Assert.fail(Assert.java:99)
at org.testng.Assert.failNotEquals(Assert.java:1037)
at org.testng.Assert.assertEqualsImpl(Assert.java:140)
at org.testng.Assert.assertEquals(Assert.java:122)
at org.testng.Assert.assertEquals(Assert.java:629)
at org.testng.Assert.assertEquals(Assert.java:639)
at objects.GTPLNewCustomerEntryPage.functionalityHomeLink(GTPLNewCustomerEntryPage.java:287)
at test.GTPLTest.HomeLinkFunctionality(GTPLTest.java:125)
at java.base/jdk.internal.reflect.NativeMethodAccessorImpl.invoke0(Native Method)
at java.base/jdk.internal.reflect.NativeMethodAccessorImpl.invoke(NativeMethodAccessorImpl.java:77)
at java.base/jdk.internal.reflect.DelegatingMethodAccessorImpl.invoke(DelegatingMethodAccessorImpl.java:43)
at java.base/java.lang.reflect.Method.invoke(Method.java:568)
at org.testng.internal.MethodInvocationHelper.invokeMethod(MethodInvocationHelper.java:133)
at org.testng.internal.TestInvoker.invokeMethod(TestInvoker.java:598)
at org.testng.internal.TestInvoker.invokeTestMethod(TestInvoker.java:173)
at org.testng.internal.MethodRunner.runInSequence(MethodRunner.java:46)
at org.testng.internal.TestInvoker$MethodInvocationAgent.invoke(TestInvoker.java:824)
at org.testng.internal.TestInvoker.invokeTestMethods(TestInvoker.java:146)
at org.testng.internal.TestMethodWorker.invokeTestMethods(TestMethodWorker.java:146)
at org.testng.internal.TestMethodWorker.run(TestMethodWorker.java:128)
at java.base/java.util.ArrayList.forEach(ArrayList.java:1511)
at org.testng.TestRunner.privateRun(TestRunner.java:794)
at org.testng.TestRunner.run(TestRunner.java:596)
at org.testng.SuiteRunner.runTest(SuiteRunner.java:377)
at org.testng.SuiteRunner.runSequentially(SuiteRunner.java:371)
at org.testng.SuiteRunner.privateRun(SuiteRunner.java:332)
at org.testng.SuiteRunner.run(SuiteRunner.java:276)
at org.testng.SuiteRunnerWorker.runSuite(SuiteRunnerWorker.java:53)
at org.testng.SuiteRunnerWorker.run(SuiteRunnerWorker.java:96)
at org.testng.TestNG.runSuitesSequentially(TestNG.java:1212)
at org.testng.TestNG.runSuitesLocally(TestNG.java:1134)
at org.testng.TestNG.runSuites(TestNG.java:1063)
at org.testng.TestNG.run(TestNG.java:1031)
at org.testng.remote.AbstractRemoteTestNG.run(AbstractRemoteTestNG.java:115)
at org.testng.remote.RemoteTestNG.initAndRun(RemoteTestNG.java:251)
at org.testng.remote.RemoteTestNG.main(RemoteTestNG.java:77)
]]>
    </failure>
  </testcase> <!-- HomeLinkFunctionality -->
  <system-out/>
</testsuite> <!-- test.GTPLTest -->
